<?xml version="1.0" encoding="UTF-8"?>
<testsuite name="Search jobs on the page elempleo" tests="1" skipped="0" failures="0" errors="0" timestamp="2019-04-06T15:07:38" hostname="juli" time="28.521">
  <properties/>
  <testcase name="Search Successful" classname="Search jobs on the page elempleo" time="28.521"/>
  <system-out><![CDATA[

















]]></system-out>
  <system-err><![CDATA[abr 06, 2019 10:07:38 AM org.openqa.selenium.remote.DesiredCapabilities chrome
INFORMACIÓN: Using `new ChromeOptions()` is preferred to `DesiredCapabilities.chrome()`
Starting ChromeDriver 73.0.3683.68 (47787ec04b6e38e22703e856e101e840b65afe72) on port 9818
Only local connections are allowed.
Please protect ports used by ChromeDriver and related test frameworks to prevent access by malicious code.
abr 06, 2019 10:07:41 AM org.openqa.selenium.remote.ProtocolHandshake createSession
INFORMACIÓN: Detected dialect: OSS
[Test worker] INFO net.thucydides.core.steps.ConsoleLoggingListener - 
        __    _____ _____ ____ _____   ____   _    ____  ____  _____ ____  
  _     \ \  |_   _| ____/ ___|_   _| |  _ \ / \  / ___|/ ___|| ____|  _ \ 
 (_)_____| |   | | |  _| \___ \ | |   | |_) / _ \ \___ \\___ \|  _| | | | |
  _|_____| |   | | | |___ ___) || |   |  __/ ___ \ ___) |___) | |___| |_| |
 (_)     | |   |_| |_____|____/ |_|   |_| /_/   \_\____/|____/|_____|____/ 
        /_/                                                                

TEST PASSED: Search Successful
----------------------------------------------------------------------------
]]></system-err>
</testsuite>
