<?xml version="1.0" encoding="UTF-8"?>
<testsuite name="Login in training site" tests="1" skipped="0" failures="0" errors="0" timestamp="2019-03-30T16:52:09" hostname="juli" time="7.091">
  <properties/>
  <testcase name="Login Succesful" classname="Login in training site" time="7.091"/>
  <system-out><![CDATA[









]]></system-out>
  <system-err><![CDATA[mar 30, 2019 11:52:09 AM org.openqa.selenium.remote.DesiredCapabilities chrome
INFORMACIÓN: Using `new ChromeOptions()` is preferred to `DesiredCapabilities.chrome()`
Starting ChromeDriver 73.0.3683.68 (47787ec04b6e38e22703e856e101e840b65afe72) on port 9293
Only local connections are allowed.
Please protect ports used by ChromeDriver and related test frameworks to prevent access by malicious code.
mar 30, 2019 11:52:12 AM org.openqa.selenium.remote.ProtocolHandshake createSession
INFORMACIÓN: Detected dialect: OSS
[Test worker] INFO net.thucydides.core.steps.ConsoleLoggingListener - 
        __    _____ _____ ____ _____   ____   _    ____  ____  _____ ____  
  _     \ \  |_   _| ____/ ___|_   _| |  _ \ / \  / ___|/ ___|| ____|  _ \ 
 (_)_____| |   | | |  _| \___ \ | |   | |_) / _ \ \___ \\___ \|  _| | | | |
  _|_____| |   | | | |___ ___) || |   |  __/ ___ \ ___) |___) | |___| |_| |
 (_)     | |   |_| |_____|____/ |_|   |_| /_/   \_\____/|____/|_____|____/ 
        /_/                                                                

TEST PASSED: Login Succesful
----------------------------------------------------------------------------
]]></system-err>
</testsuite>
